[debug] [2020-01-18T14:16:04.715Z] ----------------------------------------------------------------------
[debug] [2020-01-18T14:16:04.719Z] Command:       C:\Program Files\nodejs\node.exe C:\Users\Pawan Patel\AppData\Roaming\npm\node_modules\firebase-tools\lib\bin\firebase.js init
[debug] [2020-01-18T14:16:04.719Z] CLI Version:   7.12.1
[debug] [2020-01-18T14:16:04.719Z] Platform:      win32
[debug] [2020-01-18T14:16:04.719Z] Node Version:  v12.14.0
[debug] [2020-01-18T14:16:04.720Z] Time:          Sat Jan 18 2020 19:46:04 GMT+0530 (India Standard Time)
[debug] [2020-01-18T14:16:04.721Z] ----------------------------------------------------------------------
[debug] [2020-01-18T14:16:04.721Z] 
[debug] [2020-01-18T14:16:04.731Z] > command requires scopes: ["email","openid","https://www.googleapis.com/auth/cloudplatformprojects.readonly","https://www.googleapis.com/auth/firebase","https://www.googleapis.com/auth/cloud-platform"]
[debug] [2020-01-18T14:16:04.731Z] > authorizing via signed-in user
[info] 
     ######## #### ########  ######## ########     ###     ######  ########
     ##        ##  ##     ## ##       ##     ##  ##   ##  ##       ##
     ######    ##  ########  ######   ########  #########  ######  ######
     ##        ##  ##    ##  ##       ##     ## ##     ##       ## ##
     ##       #### ##     ## ######## ########  ##     ##  ######  ########

You're about to initialize a Firebase project in this directory:

  D:\Raxoweb project\raxoweb\raxoweb

Before we get started, keep in mind:

  * You are initializing in an existing Firebase project directory

[info] 
=== Project Setup
[info] 
[info] First, let's associate this project directory with a Firebase project.
[info] You can create multiple project aliases by running firebase use --add, 
[info] but for now we'll just set up a default project.
[info] 
[info] i  .firebaserc already has a default project, using raxoweb.
[debug] [2020-01-18T14:16:10.671Z] >>> HTTP REQUEST GET https://firebase.googleapis.com/v1beta1/projects/raxoweb  
 
[debug] [2020-01-18T14:16:48.680Z] Server Error. read ECONNRESET
[debug] [2020-01-18T14:17:45.737Z] FirebaseError: Server Error. read ECONNRESET
    at Request._callback (C:\Users\Pawan Patel\AppData\Roaming\npm\node_modules\firebase-tools\lib\api.js:30:31)
    at self.callback (C:\Users\Pawan Patel\AppData\Roaming\npm\node_modules\firebase-tools\node_modules\request\request.js:185:22)
    at Request.emit (events.js:210:5)
    at Request.EventEmitter.emit (domain.js:475:20)
    at Request.onRequestError (C:\Users\Pawan Patel\AppData\Roaming\npm\node_modules\firebase-tools\node_modules\request\request.js:881:8)
    at ClientRequest.emit (events.js:215:7)
    at ClientRequest.EventEmitter.emit (domain.js:475:20)
    at TLSSocket.socketErrorListener (_http_client.js:406:9)
    at TLSSocket.emit (events.js:210:5)
    at TLSSocket.EventEmitter.emit (domain.js:475:20)
    at emitErrorNT (internal/streams/destroy.js:92:8)
    at emitErrorAndCloseNT (internal/streams/destroy.js:60:3)
    at processTicksAndRejections (internal/process/task_queues.js:80:21)
[error] 
[error] Error: Failed to get Firebase project raxoweb. Please make sure the project exists and your account has permission to access it.
